\BOOKMARK [1][-]{section.1}{\376\377\150\070\137\303\167\345\213\306\160\271\116\016\121\154\137\017\220\037\147\345}{}% 1
\BOOKMARK [2][-]{subsection.1.1}{\376\377\145\366\127\337\117\341\123\367\060\001\226\066\215\303\121\375\145\160\060\001\121\262\157\300\121\375\145\160\116\016\124\150\147\037\140\047}{section.1}% 2
\BOOKMARK [2][-]{subsection.1.2}{\376\377\217\336\176\355\145\366\225\364\000\040\000L\000T\000I\000\040\174\373\176\337\060\001\121\262\157\300\124\315\136\224\116\016\123\167\171\357}{section.1}% 3
\BOOKMARK [2][-]{subsection.1.3}{\376\377\120\205\221\314\123\366\176\247\145\160\060\001\120\205\221\314\123\366\123\330\143\142\116\016\230\221\214\061\122\044\133\232}{section.1}% 4
\BOOKMARK [2][-]{subsection.1.4}{\376\377\142\311\146\156\142\311\145\257\123\330\143\142\060\001\137\256\122\006\145\271\172\013\116\016\000\040\000s\000\040\127\337\165\065\215\357}{section.1}% 5
\BOOKMARK [2][-]{subsection.1.5}{\376\377\171\273\145\143\145\366\225\364\117\341\123\367\060\001\123\167\171\357\124\214\116\016\135\356\122\006\145\271\172\013}{section.1}% 6
\BOOKMARK [2][-]{subsection.1.6}{\376\377\000Z\000\040\123\330\143\142\060\001\145\066\145\133\127\337\060\001\123\315\123\330\143\142\116\016\172\063\133\232\140\047}{section.1}% 7
\BOOKMARK [2][-]{subsection.1.7}{\376\377\230\230\166\356\116\055\136\070\165\050\121\154\137\017\116\016\145\271\154\325\146\040\134\004}{section.1}% 8
\BOOKMARK [1][-]{section.2}{\376\377\176\374\124\010\230\230\377\032\230\230\166\356\116\016\211\343\147\220}{}% 9
\BOOKMARK [2][-]{subsection.2.1}{\376\377\230\230\000\040\0001\377\032\145\366\127\337\123\330\143\142\116\016\137\256\122\006}{section.2}% 10
\BOOKMARK [2][-]{subsection.2.2}{\376\377\230\230\000\040\0002\377\032\136\166\200\124\040\023\116\062\200\124\174\373\176\337\166\204\121\262\157\300\124\315\136\224}{section.2}% 11
\BOOKMARK [2][-]{subsection.2.3}{\376\377\230\230\000\040\0003\377\032\122\051\165\050\171\357\122\006\140\047\215\050\154\102\150\257\137\142\117\341\123\367\230\221\214\061}{section.2}% 12
\BOOKMARK [2][-]{subsection.2.4}{\376\377\230\230\000\040\0004\377\032\000R\000L\000C\000\040\226\366\162\266\140\001\124\315\136\224}{section.2}% 13
\BOOKMARK [2][-]{subsection.2.5}{\376\377\230\230\000\040\0005\377\032\165\061\174\373\176\337\121\375\145\160\154\102\137\256\122\006\145\271\172\013\124\214\121\150\124\315\136\224}{section.2}% 14
\BOOKMARK [2][-]{subsection.2.6}{\376\377\230\230\000\040\0006\377\032\171\273\145\143\123\167\171\357\124\214\166\204\171\373\117\115}{section.2}% 15
\BOOKMARK [2][-]{subsection.2.7}{\376\377\230\230\000\040\0007\377\032\145\066\145\133\127\337\116\015\124\014\166\204\000\040\000Z\000\040\123\315\123\330\143\142}{section.2}% 16
\BOOKMARK [1][-]{section.3}{\376\377\134\017\230\230\377\032\230\230\166\356\060\001\173\124\150\110\116\016\211\343\147\220}{}% 17
\BOOKMARK [2][-]{subsection.3.1}{\376\377\145\366\127\337\117\341\123\367\060\001\121\262\157\300\121\375\145\160\116\016\124\150\147\037\140\047}{section.3}% 18
\BOOKMARK [2][-]{subsection.3.2}{\376\377\217\336\176\355\145\366\225\364\174\373\176\337\116\016\123\167\171\357}{section.3}% 19
\BOOKMARK [2][-]{subsection.3.3}{\376\377\120\205\221\314\123\366\123\330\143\142}{section.3}% 20
\BOOKMARK [2][-]{subsection.3.4}{\376\377\142\311\146\156\142\311\145\257\123\330\143\142\116\016\217\336\176\355\174\373\176\337\166\204\000\040\000s\000\040\127\337\122\006\147\220}{section.3}% 21
\BOOKMARK [2][-]{subsection.3.5}{\376\377\173\054\116\224\172\340\377\032\171\273\145\143\145\366\225\364\117\341\123\367\116\016\174\373\176\337}{section.3}% 22
\BOOKMARK [2][-]{subsection.3.6}{\376\377\173\054\116\003\172\340\377\032\000Z\000\040\123\330\143\142}{section.3}% 23
