\BOOKMARK [1][-]{section.1}{\376\377\121\170\127\213\166\204\117\341\123\367}{}% 1
\BOOKMARK [2][-]{subsection.1.1}{\376\377\117\341\123\367\166\204\143\317\217\360\116\016\122\006\174\173}{section.1}% 2
\BOOKMARK [3][-]{subsubsection.1.1.1}{\376\377\127\372\116\216\117\341\123\367\166\204\176\364\136\246}{subsection.1.1}% 3
\BOOKMARK [3][-]{subsubsection.1.1.2}{\376\377\116\000\176\364\117\341\123\367\166\204\116\044\171\315\137\142\137\017}{subsection.1.1}% 4
\BOOKMARK [3][-]{subsubsection.1.1.3}{\376\377\124\150\147\037\117\341\123\367\124\214\227\136\124\150\147\037\117\341\123\367}{subsection.1.1}% 5
\BOOKMARK [3][-]{subsubsection.1.1.4}{\376\377\122\237\163\207\117\341\123\367}{subsection.1.1}% 6
\BOOKMARK [3][-]{subsubsection.1.1.5}{\376\377\126\340\147\234\116\016\227\136\126\340\147\234\117\341\123\367}{subsection.1.1}% 7
\BOOKMARK [3][-]{subsubsection.1.1.6}{\376\377\131\107\117\341\123\367\116\016\120\166\117\341\123\367}{subsection.1.1}% 8
\BOOKMARK [2][-]{subsection.1.2}{\376\377\117\341\123\367\166\204\127\372\147\054\217\320\173\227}{section.1}% 9
\BOOKMARK [3][-]{subsubsection.1.2.1}{\376\377\166\370\122\240\166\370\116\130}{subsection.1.2}% 10
\BOOKMARK [3][-]{subsubsection.1.2.2}{\376\377\177\373\217\154\060\001\136\163\171\373\124\214\134\125\177\051\377\010\123\352\133\371\000t\120\132\123\330\143\142\377\011}{subsection.1.2}% 11
\BOOKMARK [3][-]{subsubsection.1.2.3}{\376\377\171\357\122\006\124\214\137\256\122\006\166\204\117\134\165\050}{subsection.1.2}% 12
\BOOKMARK [3][-]{subsubsection.1.2.4}{\376\377\135\356\122\006\124\214\217\355\122\006\377\010\171\273\145\143\154\241\154\325\171\357\122\006\137\256\122\006\377\011}{subsection.1.2}% 13
\BOOKMARK [2][-]{subsection.1.3}{\376\377\121\340\116\052\221\315\211\201\117\341\123\367}{section.1}% 14
\BOOKMARK [3][-]{subsubsection.1.3.1}{\376\377\217\336\176\355\145\366\225\364\117\341\123\367}{subsection.1.3}% 15
\BOOKMARK [3][-]{subsubsection.1.3.2}{\376\377\226\066\215\303\117\341\123\367}{subsection.1.3}% 16
\BOOKMARK [1][-]{section.2}{\376\377\121\170\127\213\166\204\174\373\176\337}{}% 17
\BOOKMARK [2][-]{subsubsection.2.0.1}{\376\377\176\277\140\047\174\373\176\337}{section.2}% 18
\BOOKMARK [2][-]{subsection.2.1}{\376\377\145\366\116\015\123\330\174\373\176\337}{section.2}% 19
\BOOKMARK [2][-]{subsection.2.2}{\376\377\126\340\147\234\174\373\176\337}{section.2}% 20
\BOOKMARK [2][-]{subsection.2.3}{\376\377\172\063\133\232\174\373\176\337}{section.2}% 21
\BOOKMARK [2][-]{subsection.2.4}{\376\377\145\340\213\260\137\306\174\373\176\337}{section.2}% 22
\BOOKMARK [2][-]{subsection.2.5}{\376\377\123\357\220\006\174\373\176\337}{section.2}% 23
\BOOKMARK [1][-]{section.3}{\376\377\000L\000T\000I\174\373\176\337\166\204\145\366\127\337\122\006\147\220}{}% 24
\BOOKMARK [2][-]{subsection.3.1}{\376\377\171\273\145\143\000L\000T\000I\174\373\176\337\123\167\171\357}{section.3}% 25
\BOOKMARK [3][-]{subsubsection.3.1.1}{\376\377\171\273\145\143\000L\000T\000I\174\373\176\337\123\167\171\357\166\204\123\237\164\006}{subsection.3.1}% 26
\BOOKMARK [2][-]{subsection.3.2}{\376\377\217\336\176\355\000L\000T\000I\174\373\176\337\123\167\171\357}{section.3}% 27
