\BOOKMARK [1][-]{section.1}{\376\377\173\054\000\040\0001\000\040\220\350\122\006\377\032\135\114\121\145\137\017\174\373\176\337\151\202\217\360}{}% 1
\BOOKMARK [2][-]{subsection.1.1}{\376\377\150\070\137\303\167\345\213\306\160\271}{section.1}% 2
\BOOKMARK [2][-]{subsection.1.2}{\376\377\000S\000T\000M\0003\0002\000\040\137\256\131\004\164\006\126\150\000/\137\256\143\247\122\066\126\150\121\205\150\070}{section.1}% 3
\BOOKMARK [2][-]{subsection.1.3}{\376\377\136\070\165\050\127\372\170\100\000\040\000A\000P\000I\000\040\116\016\122\237\200\375}{section.1}% 4
\BOOKMARK [1][-]{section.2}{\376\377\173\054\000\040\0002\000\040\220\350\122\006\377\032\000G\000P\000I\000O\000\040\137\025\201\032\221\115\177\156\116\016\127\372\147\054\217\223\121\145\217\223\121\372}{}% 5
\BOOKMARK [2][-]{subsection.2.1}{\376\377\000G\000P\000I\000O\000\040\150\070\137\303\167\345\213\306\160\271}{section.2}% 6
\BOOKMARK [2][-]{subsection.2.2}{\376\377\143\250\143\075\217\223\121\372\116\016\137\000\157\017\217\223\121\372\123\072\122\053}{section.2}% 7
\BOOKMARK [2][-]{subsection.2.3}{\376\377\000G\000P\000I\000O\000\040\136\070\165\050\000\040\000A\000P\000I\000\040\116\016\122\237\200\375}{section.2}% 8
\BOOKMARK [1][-]{section.3}{\376\377\173\054\000\040\0003\000\040\220\350\122\006\377\032\116\055\145\255\060\001\000N\000V\000I\000C\000\040\116\016\000\040\000E\000X\000T\000I}{}% 9
\BOOKMARK [2][-]{subsection.3.1}{\376\377\116\055\145\255\127\372\147\054\151\202\137\365}{section.3}% 10
\BOOKMARK [2][-]{subsection.3.2}{\376\377\116\055\145\255\117\030\121\110\176\247\116\016\122\006\176\304}{section.3}% 11
\BOOKMARK [2][-]{subsection.3.3}{\376\377\000E\000X\000T\000I\000\040\116\055\145\255\176\277\146\040\134\004}{section.3}% 12
\BOOKMARK [2][-]{subsection.3.4}{\376\377\116\055\145\255\124\315\136\224\153\145\232\244\116\016\000\040\000H\000A\000L\000\040\131\004\164\006\155\101\172\013}{section.3}% 13
\BOOKMARK [2][-]{subsection.3.5}{\376\377\116\343\170\001\152\041\147\177\377\032\143\011\225\056\143\247\122\066\000\040\000L\000E\000D\377\010\147\345\213\342\145\271\137\017\377\011}{section.3}% 14
\BOOKMARK [1][-]{section.4}{\376\377\173\054\000\040\0004\000\040\220\350\122\006\377\032\133\232\145\366\126\150\127\372\170\100\116\016\217\223\121\372\153\324\217\203}{}% 15
\BOOKMARK [2][-]{subsection.4.1}{\376\377\133\232\145\366\126\150\150\070\137\303\167\345\213\306\160\271}{section.4}% 16
\BOOKMARK [2][-]{subsection.4.2}{\376\377\145\366\127\372\123\125\121\103\147\204\142\020\123\312\117\134\165\050}{section.4}% 17
\BOOKMARK [2][-]{subsection.4.3}{\376\377\127\372\147\054\133\232\145\366\126\150\116\016\220\032\165\050\133\232\145\366\126\150}{section.4}% 18
\BOOKMARK [2][-]{subsection.4.4}{\376\377\217\223\121\372\153\324\217\203\116\016\000\040\000P\000W\000M\000\040\127\372\170\100}{section.4}% 19
\BOOKMARK [2][-]{subsection.4.5}{\376\377\116\343\170\001\152\041\147\177\377\032\133\232\145\366\126\150\124\150\147\037\116\055\145\255}{section.4}% 20
\BOOKMARK [1][-]{section.5}{\376\377\173\054\000\040\0005\000\040\220\350\122\006\377\032\116\062\210\114\220\032\117\341\116\016\000\040\000D\000M\000A}{}% 21
\BOOKMARK [2][-]{subsection.5.1}{\376\377\124\014\153\145\220\032\117\341\116\016\137\002\153\145\220\032\117\341}{section.5}% 22
\BOOKMARK [2][-]{subsection.5.2}{\376\377\137\002\153\145\116\062\123\343\000\040\000U\000A\000R\000T\000/\000U\000S\000A\000R\000T}{section.5}% 23
\BOOKMARK [2][-]{subsection.5.3}{\376\377\000I\0002\000C\000\040\220\032\117\341}{section.5}% 24
\BOOKMARK [2][-]{subsection.5.4}{\376\377\000S\000P\000I\000\040\220\032\117\341}{section.5}% 25
\BOOKMARK [2][-]{subsection.5.5}{\376\377\000D\000M\000A\000\040\166\204\117\134\165\050}{section.5}% 26
\BOOKMARK [1][-]{section.6}{\376\377\173\054\000\040\0006\000\040\220\350\122\006\377\032\000A\000/\000D\000\040\217\154\143\142\000\040\000A\000D\000C}{}% 27
\BOOKMARK [2][-]{subsection.6.1}{\376\377\150\070\137\303\167\345\213\306\160\271}{section.6}% 28
\BOOKMARK [2][-]{subsection.6.2}{\376\377\000A\000D\000C\000\040\135\345\117\134\123\237\164\006\116\016\162\171\160\271}{section.6}% 29
\BOOKMARK [2][-]{subsection.6.3}{\376\377\000A\000D\000C\000\040\217\154\143\142\213\241\173\227}{section.6}% 30
\BOOKMARK [1][-]{section.7}{\376\377\173\054\000\040\0007\000\040\220\350\122\006\377\032\000R\000T\000C\000\040\116\016\167\013\225\350\162\327}{}% 31
\BOOKMARK [2][-]{subsection.7.1}{\376\377\000R\000T\000C\000\040\133\236\145\366\145\366\224\237}{section.7}% 32
\BOOKMARK [2][-]{subsection.7.2}{\376\377\167\013\225\350\162\327}{section.7}% 33
\BOOKMARK [1][-]{section.8}{\376\377\173\054\000\040\0008\000\040\220\350\122\006\377\032\145\366\224\237\150\021\116\016\156\364\173\124\133\232\145\366\126\150\000\040\000S\000y\000s\000T\000i\000c\000k}{}% 34
\BOOKMARK [2][-]{subsection.8.1}{\376\377\145\366\224\237\150\021\167\345\213\306\160\271}{section.8}% 35
\BOOKMARK [2][-]{subsection.8.2}{\376\377\000P\000L\000L\000\040\225\001\166\370\163\257}{section.8}% 36
\BOOKMARK [2][-]{subsection.8.3}{\376\377\000S\000y\000s\000T\000i\000c\000k\000\040\156\364\173\124\133\232\145\366\126\150}{section.8}% 37
\BOOKMARK [1][-]{section.9}{\376\377\173\054\000\040\0009\000\040\220\350\122\006\377\032\000A\000D\000C\000\040\221\307\226\306\136\166\220\032\217\307\116\062\123\343\142\123\123\160}{}% 38
\BOOKMARK [2][-]{subsection.9.1}{\376\377\133\236\163\260\155\101\172\013}{section.9}% 39
\BOOKMARK [2][-]{subsection.9.2}{\376\377\116\062\123\343\123\321\220\001\116\016\143\245\145\066}{section.9}% 40
\BOOKMARK [2][-]{subsection.9.3}{\376\377\162\107\116\012\156\051\136\246\221\307\226\306}{section.9}% 41
\BOOKMARK [2][-]{subsection.9.4}{\376\377\116\343\170\001\152\041\147\177\377\032\000A\000D\000C\000\040\221\307\226\306\165\065\123\213\136\166\116\062\123\343\142\123\123\160}{section.9}% 42
\BOOKMARK [1][-]{section.10}{\376\377\173\054\000\040\0001\0000\000\040\220\350\122\006\377\032\143\011\225\056\143\247\122\066\143\007\171\072\160\157}{}% 43
\BOOKMARK [2][-]{subsection.10.1}{\376\377\143\245\123\343\165\065\215\357\116\016\135\345\117\134\152\041\137\017}{section.10}% 44
\BOOKMARK [2][-]{subsection.10.2}{\376\377\000G\000P\000I\000O\000\040\221\115\177\156\211\201\160\271}{section.10}% 45
\BOOKMARK [2][-]{subsection.10.3}{\376\377\116\343\170\001\152\041\147\177\377\032\143\011\225\056\143\247\122\066\000\040\000L\000E\000D}{section.10}% 46
\BOOKMARK [1][-]{section.11}{\376\377\173\054\000\040\0001\0001\000\040\220\350\122\006\377\032\000P\000W\000M\000\040\123\237\164\006\116\016\143\247\122\066\121\375\145\160}{}% 47
\BOOKMARK [2][-]{subsection.11.1}{\376\377\000P\000W\000M\000\040\127\372\147\054\123\237\164\006}{section.11}% 48
\BOOKMARK [2][-]{subsection.11.2}{\376\377\000P\000W\000M\000\040\123\302\145\160\213\241\173\227\117\213\230\230}{section.11}% 49
\BOOKMARK [2][-]{subsection.11.3}{\376\377\116\343\170\001\152\041\147\177\377\032\213\276\177\156\000\040\000P\000W\000M\000\040\123\140\172\172\153\324}{section.11}% 50
\BOOKMARK [2][-]{subsection.11.4}{\376\377\143\247\122\066\142\147\210\114\121\375\145\160\377\032\122\044\145\255\215\205\226\120\142\245\213\146}{section.11}% 51
\BOOKMARK [1][-]{section.12}{\376\377\173\054\000\040\0001\040\023\0001\0001\000\040\220\350\122\006\000\040\000A\000P\000I\000\040\140\073\210\150}{}% 52
\BOOKMARK [1][-]{section.13}{\376\377\200\003\213\325\220\037\213\260}{}% 53
